[15:25:15.898104593] [DeriClient] [INFO] Private key loaded successfully.
[15:25:16.632587682] [DeriClient] [INFO] Placing order for BTC-PERPETUAL: buy 10 @ 85000 nsD
[15:25:16.632548439] [DeriClient] [DEBUG] Successfully Sent request : {
[15:25:16.632548439] [DeriClient] [DEBUG]             "jsonrpc": "2.0",
[15:25:16.632548439] [DeriClient] [DEBUG]             "id": 0,
[15:25:16.632548439] [DeriClient] [DEBUG]             "method": "public/auth",
[15:25:16.632548439] [DeriClient] [DEBUG]             "params": {
[15:25:16.632548439] [DeriClient] [DEBUG]                 "grant_type": "client_signature",
[15:25:16.632548439] [DeriClient] [DEBUG]                 "client_id": "zavRq-oY",
[15:25:16.632548439] [DeriClient] [DEBUG]                 "timestamp": 1742464516632,
[15:25:16.632548439] [DeriClient] [DEBUG]                 "signature": "n1oZ92hSjcwNJ_45j2mUfUBq_Q8TFg_12bDeBwgSptMFD_7LwpG7ywq9jGkv5UaSbnQ13CvXIzuN7M4aY4sxCA",
[15:25:16.632548439] [DeriClient] [DEBUG]                 "nonce": "gkpqQubWQipcfV6e",
[15:25:16.632548439] [DeriClient] [DEBUG]                 "data": ""
[15:25:16.632548439] [DeriClient] [DEBUG]             }
[15:25:16.632548439] [DeriClient] [DEBUG]         }
[15:25:16.632647215] [DeriClient] [DEBUG] Successfully Sent request : {
[15:25:16.632647215] [DeriClient] [DEBUG]         "jsonrpc": "2.0",
[15:25:16.632647215] [DeriClient] [DEBUG]         "id": 1,
[15:25:16.632647215] [DeriClient] [DEBUG]         "method": "private/buy",
[15:25:16.632647215] [DeriClient] [DEBUG]         "params": {
[15:25:16.632647215] [DeriClient] [DEBUG]         "instrument_name": "BTC-PERPETUAL",
[15:25:16.632647215] [DeriClient] [DEBUG]         "amount": 10.000000,
[15:25:16.632647215] [DeriClient] [DEBUG]         "price": 85000.000000,
[15:25:16.632647215] [DeriClient] [DEBUG]         "type": "limit",
[15:25:16.632647215] [DeriClient] [DEBUG]         "label": "test",
[15:25:16.632647215] [DeriClient] [DEBUG]         "time_in_force": "good_til_cancelled","max_show": 10.000000,
[15:25:16.632647215] [DeriClient] [DEBUG]         "timestamp": 1742464516632,
[15:25:16.632647215] [DeriClient] [DEBUG]         "signature": "LYvBOL-DqIcBJKWC7mYX02CPiXKAUgfc62zHxcLCSf5OEkgLJidmMcqkSdIFRCnXvCp48Yv1JS3Gy7gTjzr0AA"
[15:25:16.632647215] [DeriClient] [DEBUG]         }
[15:25:16.632647215] [DeriClient] [DEBUG]         }
[15:25:16.632680004] [DeriClient] [INFO] Placing order for BTC-28MAR25: buy 10 @ 86000 nsD
[15:25:16.632708849] [DeriClient] [DEBUG] Successfully Sent request : {
[15:25:16.632708849] [DeriClient] [DEBUG]         "jsonrpc": "2.0",
[15:25:16.632708849] [DeriClient] [DEBUG]         "id": 2,
[15:25:16.632708849] [DeriClient] [DEBUG]         "method": "private/buy",
[15:25:16.632708849] [DeriClient] [DEBUG]         "params": {
[15:25:16.632708849] [DeriClient] [DEBUG]         "instrument_name": "BTC-28MAR25",
[15:25:16.632708849] [DeriClient] [DEBUG]         "amount": 10.000000,
[15:25:16.632708849] [DeriClient] [DEBUG]         "price": 86000.000000,
[15:25:16.632708849] [DeriClient] [DEBUG]         "type": "market",
[15:25:16.632708849] [DeriClient] [DEBUG]         "label": "test",
[15:25:16.632708849] [DeriClient] [DEBUG]         "time_in_force": "good_til_cancelled",
[15:25:16.632708849] [DeriClient] [DEBUG]         "timestamp": 1742464516632,
[15:25:16.632708849] [DeriClient] [DEBUG]         "signature": "JIWdVLUB-ofNNbxKOF8r6v4czMkZmV3bq-oHlOe28_pxu7ZMvVt4VzmBK9lnx1qjg30960idb5FW0FnVUxDJAA"
[15:25:16.632708849] [DeriClient] [DEBUG]         }
[15:25:16.632708849] [DeriClient] [DEBUG]         }
[15:25:16.632766721] [DeriClient] [INFO] Placing order for BTC-28MAR25-60000-C: buy 2 @ 0.344 nsD
[15:25:16.632790010] [DeriClient] [DEBUG] Successfully Sent request : {
[15:25:16.632790010] [DeriClient] [DEBUG]         "jsonrpc": "2.0",
[15:25:16.632790010] [DeriClient] [DEBUG]         "id": 3,
[15:25:16.632790010] [DeriClient] [DEBUG]         "method": "private/buy",
[15:25:16.632790010] [DeriClient] [DEBUG]         "params": {
[15:25:16.632790010] [DeriClient] [DEBUG]         "instrument_name": "BTC-28MAR25-60000-C",
[15:25:16.632790010] [DeriClient] [DEBUG]         "amount": 2.000000,
[15:25:16.632790010] [DeriClient] [DEBUG]         "price": 0.344000,
[15:25:16.632790010] [DeriClient] [DEBUG]         "type": "market",
[15:25:16.632790010] [DeriClient] [DEBUG]         "label": "test",
[15:25:16.632790010] [DeriClient] [DEBUG]         "time_in_force": "good_til_cancelled","max_show": 2.000000,
[15:25:16.632790010] [DeriClient] [DEBUG]         "timestamp": 1742464516632,
[15:25:16.632790010] [DeriClient] [DEBUG]         "signature": "y-gb1GBz2SVOe5ReIWsoKP6GfyKxyNYJ_Biky_2FvOo6KuUocKLtKgDdqK9RMLud4QgN8-zVK4ufPfmKE26nCA"
[15:25:16.632790010] [DeriClient] [DEBUG]         }
[15:25:16.632790010] [DeriClient] [DEBUG]         }
[15:25:16.632846108] [DeriClient] [INFO] Placing order for BTC_USDC: buy 0.1 @ 85000 nsD
[15:25:16.632868648] [DeriClient] [DEBUG] Successfully Sent request : {
[15:25:16.632868648] [DeriClient] [DEBUG]         "jsonrpc": "2.0",
[15:25:16.632868648] [DeriClient] [DEBUG]         "id": 4,
[15:25:16.632868648] [DeriClient] [DEBUG]         "method": "private/buy",
[15:25:16.632868648] [DeriClient] [DEBUG]         "params": {
[15:25:16.632868648] [DeriClient] [DEBUG]         "instrument_name": "BTC_USDC",
[15:25:16.632868648] [DeriClient] [DEBUG]         "amount": 0.100000,
[15:25:16.632868648] [DeriClient] [DEBUG]         "price": 85000.000000,
[15:25:16.632868648] [DeriClient] [DEBUG]         "type": "limit",
[15:25:16.632868648] [DeriClient] [DEBUG]         "label": "test",
[15:25:16.632868648] [DeriClient] [DEBUG]         "timestamp": 1742464516632,
[15:25:16.632868648] [DeriClient] [DEBUG]         "signature": "8_kzjBRJNTpC754MhT09JLr76S9m4d7Xva9KLVRW2U2b_R2Kd5ofiBhPMGn_VGjP1d0ZJB7zIvMKGWg5a1eIBQ"
[15:25:16.632868648] [DeriClient] [DEBUG]         }
[15:25:16.632868648] [DeriClient] [DEBUG]         }
[15:25:16.632930710] [DeriClient] [INFO] Placing order for BTC-PERPETUAL: sell 10 @ 85000 nsD
[15:25:16.632955112] [DeriClient] [DEBUG] Successfully Sent request : {
[15:25:16.632955112] [DeriClient] [DEBUG]         "jsonrpc": "2.0",
[15:25:16.632955112] [DeriClient] [DEBUG]         "id": 5,
[15:25:16.632955112] [DeriClient] [DEBUG]         "method": "private/sell",
[15:25:16.632955112] [DeriClient] [DEBUG]         "params": {
[15:25:16.632955112] [DeriClient] [DEBUG]         "instrument_name": "BTC-PERPETUAL",
[15:25:16.632955112] [DeriClient] [DEBUG]         "amount": 10.000000,
[15:25:16.632955112] [DeriClient] [DEBUG]         "price": 85000.000000,
[15:25:16.632955112] [DeriClient] [DEBUG]         "type": "limit",
[15:25:16.632955112] [DeriClient] [DEBUG]         "label": "test",
[15:25:16.632955112] [DeriClient] [DEBUG]         "time_in_force": "good_til_cancelled","max_show": 10.000000,
[15:25:16.632955112] [DeriClient] [DEBUG]         "timestamp": 1742464516632,
[15:25:16.632955112] [DeriClient] [DEBUG]         "signature": "bUcQ0xXO0BBICVPTSbRnwvaOGYGL_4CIcbnKLhBDX_hCID9L46uwIM60MirxcujxmTKu7k4X2kh4yc2rH3BwAA"
[15:25:16.632955112] [DeriClient] [DEBUG]         }
[15:25:16.632955112] [DeriClient] [DEBUG]         }
[15:25:16.633011507] [DeriClient] [INFO] Placing order for BTC-28MAR25: sell 10 @ 86000 nsD
[15:25:16.633043185] [DeriClient] [DEBUG] Successfully Sent request : {
[15:25:16.633043185] [DeriClient] [DEBUG]         "jsonrpc": "2.0",
[15:25:16.633043185] [DeriClient] [DEBUG]         "id": 6,
[15:25:16.633043185] [DeriClient] [DEBUG]         "method": "private/sell",
[15:25:16.633043185] [DeriClient] [DEBUG]         "params": {
[15:25:16.633043185] [DeriClient] [DEBUG]         "instrument_name": "BTC-28MAR25",
[15:25:16.633043185] [DeriClient] [DEBUG]         "amount": 10.000000,
[15:25:16.633043185] [DeriClient] [DEBUG]         "price": 86000.000000,
[15:25:16.633043185] [DeriClient] [DEBUG]         "type": "market",
[15:25:16.633043185] [DeriClient] [DEBUG]         "label": "test",
[15:25:16.633043185] [DeriClient] [DEBUG]         "time_in_force": "good_til_cancelled",
[15:25:16.633043185] [DeriClient] [DEBUG]         "timestamp": 1742464516632,
[15:25:16.633043185] [DeriClient] [DEBUG]         "signature": "Ek92aWp-L9apj9qPsnVXn7Kx-nbYPy2PNolLUqn-nHZhVIjYTdgrn-rF6oXP-NjvHOz3a4aAj6GCDWIiU9dKCQ"
[15:25:16.633043185] [DeriClient] [DEBUG]         }
[15:25:16.633043185] [DeriClient] [DEBUG]         }
[15:25:16.633096869] [DeriClient] [INFO] Placing order for BTC-28MAR25-60000-C: sell 2 @ 1 nsD
[15:25:16.633117061] [DeriClient] [DEBUG] Successfully Sent request : {
[15:25:16.633117061] [DeriClient] [DEBUG]         "jsonrpc": "2.0",
[15:25:16.633117061] [DeriClient] [DEBUG]         "id": 7,
[15:25:16.633117061] [DeriClient] [DEBUG]         "method": "private/sell",
[15:25:16.633117061] [DeriClient] [DEBUG]         "params": {
[15:25:16.633117061] [DeriClient] [DEBUG]         "instrument_name": "BTC-28MAR25-60000-C",
[15:25:16.633117061] [DeriClient] [DEBUG]         "amount": 2.000000,
[15:25:16.633117061] [DeriClient] [DEBUG]         "price": 1.000000,
[15:25:16.633117061] [DeriClient] [DEBUG]         "type": "limit",
[15:25:16.633117061] [DeriClient] [DEBUG]         "label": "test",
[15:25:16.633117061] [DeriClient] [DEBUG]         "time_in_force": "good_til_cancelled","max_show": 2.000000,
[15:25:16.633117061] [DeriClient] [DEBUG]         "timestamp": 1742464516633,
[15:25:16.633117061] [DeriClient] [DEBUG]         "signature": "L_pGgJAfSumfGcWpQStuj_IojK2qbi6OW6zO7lxDJWSeE4ANLWx0Yd8eVdNbA1cxxPMiKqhx7S5ft3rS3wi9Dg"
[15:25:16.633117061] [DeriClient] [DEBUG]         }
[15:25:16.633117061] [DeriClient] [DEBUG]         }
[15:25:16.633172334] [DeriClient] [INFO] Placing order for BTC_USDC: sell 0.1 @ 85000 nsD
[15:25:16.633193911] [DeriClient] [DEBUG] Successfully Sent request : {
[15:25:16.633193911] [DeriClient] [DEBUG]         "jsonrpc": "2.0",
[15:25:16.633193911] [DeriClient] [DEBUG]         "id": 8,
[15:25:16.633193911] [DeriClient] [DEBUG]         "method": "private/sell",
[15:25:16.633193911] [DeriClient] [DEBUG]         "params": {
[15:25:16.633193911] [DeriClient] [DEBUG]         "instrument_name": "BTC_USDC",
[15:25:16.633193911] [DeriClient] [DEBUG]         "amount": 0.100000,
[15:25:16.633193911] [DeriClient] [DEBUG]         "price": 85000.000000,
[15:25:16.633193911] [DeriClient] [DEBUG]         "type": "market",
[15:25:16.633193911] [DeriClient] [DEBUG]         "label": "test",
[15:25:16.633193911] [DeriClient] [DEBUG]         "timestamp": 1742464516633,
[15:25:16.633193911] [DeriClient] [DEBUG]         "signature": "QXw4eWwB9uNXpMlVnBPgb-E4lDQxbAPO5AWDNXTOH4w7-PAvXnP9AHPJbAt5O0tcI_qnO1_5ziJswenLmUlcAw"
[15:25:16.633193911] [DeriClient] [DEBUG]         }
[15:25:16.633193911] [DeriClient] [DEBUG]         }
[15:25:16.802749610] [DeriClient] [DEBUG] Received response: {"jsonrpc":"2.0","id":0,"result":{"enabled_features":["block_trade_approval"],"access_token":"1774000516749.1QrGKlBr.cG-XhqW8bPGWr6Z2Zo-oAY6Pb2RZGbWQJbz4_5k-ipNYUoWjvXQw88vVNWFLtGnUQkWqfhOIEpMOy02zmnsbzFfxzo_G0aQsayXo_PUZTG5bF6i2NNwaqUzKj0jeSaFYp9fanTFeEJSm7PCHaGHrsmcjq3toNvZwztaWET240EOhe-w89UDI7O-Z0a5PNAUz87Z7iCwt9inAHMZLV-CepksIxUSCdfi36X6wt39fFL4-dDeG7Z03xkipysUjH7KhDinGJj6mNdRve9ZRm6XrK4VE1F5z3ER24gaF_fd6krVV2tnMiRS0O_sxidT_TGMix5G9KpcAgVy91bNWS_KU1R9pDk86XmCytCrnFfCRDm8w1kcOQG-tc4xRiPjlZlIStO2PbE0","expires_in":31536000,"refresh_token":"1774000516749.1cIHfNoG.ipcqc2roVl4YNvJVSJ4pz6PiZiA_MIZ_6pB4z1bxIo-Ekr6ycYUfxpJtj0YyxCEmFwgXuiZobDomD4V3KlPzxoplZ9RukMFOf61bqnJlrmJavc9ZQQCh8xT2ZvjgyI0dODtBE1pnCdXULMvRlmj1zNCU1louDkHUIxVREQ1SuD6n8EVkn2OB2ES_Nf_L_KKhzPbQAQ9dTy7zEz40m6YBq8SpVN5eBekSpr3aR27X-OMmKuW8vEjbi8gY7xg9C8nMWaXRYwGbOpZSCne73eKu-UUO_aMUkdKI3E1Jvn3W5wBWvS-_lx2YsDhJ6Cw2BHKPVkGjQojfpgL1bWS5ljFcRwtF_qXjypOsHytTwAKQg9HfAXRmlo2-np1-5IixxVTLD_wtNw","scope":"name:go_assymetric block_rfq:read_write block_trade:read_write connection trade:read_write custody:read_write account:read_write wallet:read_write mainaccount","token_type":"bearer"},"usIn":1742464516749105,"usOut":1742464516749810,"usDiff":705,"testnet":true}
[15:25:16.802752949] [DeriClient] [INFO] Received response for request ID 0.
[15:25:16.804481252] [DeriClient] [DEBUG] Received response: {"jsonrpc":"2.0","id":4,"error":{"code":10039,"data":{"currency":"USDC"},"message":"not_enough_funds_in_currency"},"usIn":1742464516750642,"usOut":1742464516751630,"usDiff":988,"testnet":true}
[15:25:16.804484612] [DeriClient] [INFO] Received response for request ID 4.
[15:25:16.804488940] [DeriClient] [ERROR] Request failed for request ID 4. Error code: 10039, message: not_enough_funds_in_currency. Latency: 171686569 ns
[15:25:16.806748302] [DeriClient] [DEBUG] Received response: {"jsonrpc":"2.0","id":1,"result":{"order":{"label":"test","price":8.5e4,"direction":"buy","time_in_force":"good_til_cancelled","max_show":10.0,"instrument_name":"BTC-PERPETUAL","api":true,"web":false,"amount":10.0,"order_id":"38821701396","creation_timestamp":1742464516730,"mmp":false,"replaced":false,"post_only":false,"reduce_only":false,"filled_amount":0.0,"last_update_timestamp":1742464516730,"average_price":0.0,"contracts":1.0,"order_state":"open","order_type":"limit","is_liquidation":false,"risk_reducing":false},"trades":[]},"usIn":1742464516749923,"usOut":1742464516753879,"usDiff":3956,"testnet":true}
[15:25:16.806750218] [DeriClient] [INFO] Received response for request ID 1.
[15:25:16.806759355] [DeriClient] [INFO] Order placed successfully: buy 10 BTC-PERPETUAL @ 85000 nsD. Order ID: 38821701396. Latency: 174255404 ns
[15:25:16.807510987] [DeriClient] [DEBUG] Received response: {"jsonrpc":"2.0","id":2,"result":{"order":{"label":"test","price":103532.5,"direction":"buy","time_in_force":"good_til_cancelled","max_show":10.0,"instrument_name":"BTC-28MAR25","api":true,"web":false,"amount":10.0,"order_id":"38821701397","creation_timestamp":1742464516731,"mmp":false,"replaced":false,"post_only":false,"reduce_only":false,"filled_amount":10.0,"last_update_timestamp":1742464516731,"average_price":86287.5,"contracts":1.0,"order_state":"filled","order_type":"market","is_liquidation":false,"risk_reducing":false},"trades":[{"label":"test","timestamp":1742464516731,"state":"filled","price":86287.5,"direction":"buy","index_price":85889.31,"instrument_name":"BTC-28MAR25","trade_seq":243025,"api":true,"amount":10.0,"mark_price":86275.27,"order_id":"38821701397","matching_id":null,"tick_direction":0,"fee":6.0e-8,"profit_loss":0.0,"mmp":false,"post_only":false,"self_trade":false,"reduce_only":false,"contracts":1.0,"trade_id":"195267834","fee_currency":"BTC","order_type":"market","risk_reducing":false,"liquidity":"T"}]},"usIn":1742464516750302,"usOut":1742464516754677,"usDiff":4375,"testnet":true}
[15:25:16.807512399] [DeriClient] [INFO] Received response for request ID 2.
[15:25:16.807519906] [DeriClient] [INFO] Order placed successfully: buy 10 BTC-28MAR25 @ 103532.5 nsD. Order ID: 38821701397. Latency: 174884590 ns
[15:25:16.808533475] [DeriClient] [DEBUG] Received response: {"jsonrpc":"2.0","id":3,"result":{"order":{"label":"test","price":0.337,"direction":"buy","time_in_force":"good_til_cancelled","max_show":2.0,"instrument_name":"BTC-28MAR25-60000-C","api":true,"web":false,"amount":2.0,"order_id":"38821701398","creation_timestamp":1742464516732,"mmp":false,"replaced":false,"post_only":false,"reduce_only":false,"filled_amount":2.0,"last_update_timestamp":1742464516732,"average_price":0.3065,"contracts":2.0,"order_state":"filled","order_type":"market","is_liquidation":false,"risk_reducing":false},"trades":[{"label":"test","timestamp":1742464516732,"state":"filled","iv":132.2,"price":0.3065,"direction":"buy","index_price":85889.31,"instrument_name":"BTC-28MAR25-60000-C","trade_seq":868,"api":true,"amount":2.0,"mark_price":0.30486997,"order_id":"38821701398","matching_id":null,"tick_direction":2,"fee":0.0006,"profit_loss":0.0,"mmp":false,"post_only":false,"self_trade":false,"reduce_only":false,"underlying_price":86274.12,"contracts":2.0,"trade_id":"195267835","fee_currency":"BTC","order_type":"market","risk_reducing":false,"liquidity":"T"}]},"usIn":1742464516750514,"usOut":1742464516755679,"usDiff":5165,"testnet":true}
[15:25:16.808534725] [DeriClient] [INFO] Received response for request ID 3.
[15:25:16.808542000] [DeriClient] [INFO] Order placed successfully: buy 2 BTC-28MAR25-60000-C @ 0.337 nsD. Order ID: 38821701398. Latency: 175818553 ns
[15:25:16.812495351] [DeriClient] [DEBUG] Received response: {"jsonrpc":"2.0","id":5,"result":{"order":{"label":"test","price":8.5e4,"direction":"sell","time_in_force":"good_til_cancelled","max_show":10.0,"instrument_name":"BTC-PERPETUAL","api":true,"web":false,"amount":10.0,"order_id":"38821701399","creation_timestamp":1742464516732,"mmp":false,"replaced":false,"post_only":false,"reduce_only":false,"filled_amount":10.0,"last_update_timestamp":1742464516732,"average_price":85925.5,"contracts":1.0,"order_state":"filled","order_type":"limit","is_liquidation":false,"risk_reducing":false},"trades":[{"label":"test","timestamp":1742464516732,"state":"filled","price":85925.5,"direction":"sell","index_price":85889.31,"instrument_name":"BTC-PERPETUAL","trade_seq":115388525,"api":true,"amount":10.0,"mark_price":85994.82,"order_id":"38821701399","matching_id":null,"tick_direction":2,"fee":6.0e-8,"profit_loss":0.0,"mmp":false,"post_only":false,"self_trade":false,"reduce_only":false,"contracts":1.0,"trade_id":"195267836","fee_currency":"BTC","order_type":"limit","risk_reducing":false,"liquidity":"T"}]},"usIn":1742464516750799,"usOut":1742464516756592,"usDiff":5793,"testnet":true}
[15:25:16.812497191] [DeriClient] [INFO] Received response for request ID 5.
[15:25:16.812506413] [DeriClient] [INFO] Order placed successfully: sell 10 BTC-PERPETUAL @ 85000 nsD. Order ID: 38821701399. Latency: 179620525 ns
[15:25:16.812539780] [DeriClient] [DEBUG] Received response: {"jsonrpc":"2.0","id":6,"result":{"order":{"label":"test","price":69020.0,"direction":"sell","time_in_force":"good_til_cancelled","max_show":10.0,"instrument_name":"BTC-28MAR25","api":true,"web":false,"amount":10.0,"order_id":"38821701400","creation_timestamp":1742464516733,"mmp":false,"replaced":false,"post_only":false,"reduce_only":false,"filled_amount":10.0,"last_update_timestamp":1742464516733,"average_price":86285.0,"contracts":1.0,"order_state":"filled","order_type":"market","is_liquidation":false,"risk_reducing":false},"trades":[{"label":"test","timestamp":1742464516733,"state":"filled","price":86285.0,"direction":"sell","index_price":85889.31,"instrument_name":"BTC-28MAR25","trade_seq":243026,"api":true,"amount":10.0,"mark_price":86275.27,"order_id":"38821701400","matching_id":null,"tick_direction":2,"fee":6.0e-8,"profit_loss":-1.65e-6,"mmp":false,"post_only":false,"self_trade":false,"reduce_only":false,"contracts":1.0,"trade_id":"195267837","fee_currency":"BTC","order_type":"market","risk_reducing":false,"liquidity":"T"}]},"usIn":1742464516750902,"usOut":1742464516757187,"usDiff":6285,"testnet":true}
[15:25:16.812540449] [DeriClient] [INFO] Received response for request ID 6.
[15:25:16.812545959] [DeriClient] [INFO] Order placed successfully: sell 10 BTC-28MAR25 @ 69020 nsD. Order ID: 38821701400. Latency: 179575756 ns
[15:25:16.822393800] [DeriClient] [DEBUG] Received response: {"jsonrpc":"2.0","id":7,"result":{"order":{"label":"test","price":1.0,"direction":"sell","time_in_force":"good_til_cancelled","max_show":2.0,"instrument_name":"BTC-28MAR25-60000-C","api":true,"web":false,"amount":2.0,"order_id":"38821701401","creation_timestamp":1742464516734,"mmp":false,"replaced":false,"post_only":false,"reduce_only":false,"filled_amount":0.0,"last_update_timestamp":1742464516734,"average_price":0.0,"contracts":2.0,"order_state":"open","order_type":"limit","is_liquidation":false,"risk_reducing":false},"trades":[]},"usIn":1742464516751004,"usOut":1742464516760133,"usDiff":9129,"testnet":true}
[15:25:16.822396357] [DeriClient] [INFO] Received response for request ID 7.
[15:25:16.822407078] [DeriClient] [INFO] Order placed successfully: sell 2 BTC-28MAR25-60000-C @ 1 nsD. Order ID: 38821701401. Latency: 189346067 ns
[15:25:16.822442557] [DeriClient] [DEBUG] Received response: {"jsonrpc":"2.0","id":8,"result":{"order":{"label":"test","price":55815.0,"direction":"sell","time_in_force":"good_til_cancelled","max_show":0.1,"instrument_name":"BTC_USDC","api":true,"web":false,"amount":0.1,"order_id":"BTC_USDC-111308487","creation_timestamp":1742464516737,"mmp":false,"replaced":false,"post_only":false,"filled_amount":0.0,"last_update_timestamp":1742464516737,"average_price":0.0,"contracts":1.0e3,"original_order_type":"market","order_state":"open","order_type":"limit","is_rebalance":false,"risk_reducing":false},"trades":[]},"usIn":1742464516751112,"usOut":1742464516760506,"usDiff":9394,"testnet":true}
[15:25:16.822443335] [DeriClient] [INFO] Received response for request ID 8.
[15:25:16.822449682] [DeriClient] [INFO] Order placed successfully: sell 0.1 BTC_USDC @ 55815 nsD. Order ID: BTC_USDC-111308487. Latency: 189317445 ns
[15:25:21.633365806] [DeriClient] [INFO] Modifying order 38821701396: new price 85000, new amount 20
[15:25:21.633485714] [DeriClient] [DEBUG] Successfully Sent request : {
[15:25:21.633485714] [DeriClient] [DEBUG]         "jsonrpc": "2.0",
[15:25:21.633485714] [DeriClient] [DEBUG]         "id": 9,
[15:25:21.633485714] [DeriClient] [DEBUG]         "method": "private/edit",
[15:25:21.633485714] [DeriClient] [DEBUG]         "params": {
[15:25:21.633485714] [DeriClient] [DEBUG]             "order_id": "38821701396",
[15:25:21.633485714] [DeriClient] [DEBUG]             "amount": 20.000000,
[15:25:21.633485714] [DeriClient] [DEBUG]             "price": 85000.000000,
[15:25:21.633485714] [DeriClient] [DEBUG]             "post_only": true,
[15:25:21.633485714] [DeriClient] [DEBUG]             "reject_post_only": false,
[15:25:21.633485714] [DeriClient] [DEBUG]             "reduce_only": false,
[15:25:21.633485714] [DeriClient] [DEBUG]             "time_in_force": "good_til_cancelled",
[15:25:21.633485714] [DeriClient] [DEBUG]             "max_show": 20.000000,
[15:25:21.633485714] [DeriClient] [DEBUG]             "timestamp": 1742464521633,
[15:25:21.633485714] [DeriClient] [DEBUG]             "signature": "5MrAGWMepLqZhO8-rJ0cBFsw1Y5X_w2J2HUKNX5xe-Nuw35Hp5Nxdusf30blfuVhwBv3l3aqaVOD__BXtnwkDw"
[15:25:21.633485714] [DeriClient] [DEBUG]         }
[15:25:21.633485714] [DeriClient] [DEBUG]     }
[15:25:21.633533768] [DeriClient] [INFO] Modifying order 38821701397: new price 85000, new amount 20
[15:25:21.633561478] [DeriClient] [DEBUG] Successfully Sent request : {
[15:25:21.633561478] [DeriClient] [DEBUG]         "jsonrpc": "2.0",
[15:25:21.633561478] [DeriClient] [DEBUG]         "id": 10,
[15:25:21.633561478] [DeriClient] [DEBUG]         "method": "private/edit",
[15:25:21.633561478] [DeriClient] [DEBUG]         "params": {
[15:25:21.633561478] [DeriClient] [DEBUG]             "order_id": "38821701397",
[15:25:21.633561478] [DeriClient] [DEBUG]             "amount": 20.000000,
[15:25:21.633561478] [DeriClient] [DEBUG]             "price": 85000.000000,
[15:25:21.633561478] [DeriClient] [DEBUG]             "post_only": true,
[15:25:21.633561478] [DeriClient] [DEBUG]             "reject_post_only": false,
[15:25:21.633561478] [DeriClient] [DEBUG]             "reduce_only": false,
[15:25:21.633561478] [DeriClient] [DEBUG]             "time_in_force": "good_til_cancelled",
[15:25:21.633561478] [DeriClient] [DEBUG]             "max_show": 20.000000,
[15:25:21.633561478] [DeriClient] [DEBUG]             "timestamp": 1742464521633,
[15:25:21.633561478] [DeriClient] [DEBUG]             "signature": "bbQzw61VTo5mZ4tVUIXhPR-iqEZZfm9L_QuJZPPQOKo53s0jULVpjfz8ihQ5BK_tqyy3E8agXiofrILFrpP4DQ"
[15:25:21.633561478] [DeriClient] [DEBUG]         }
[15:25:21.633561478] [DeriClient] [DEBUG]     }
[15:25:21.633616056] [DeriClient] [INFO] Modifying order 38821701398: new price 85000, new amount 20
[15:25:21.633640335] [DeriClient] [DEBUG] Successfully Sent request : {
[15:25:21.633640335] [DeriClient] [DEBUG]         "jsonrpc": "2.0",
[15:25:21.633640335] [DeriClient] [DEBUG]         "id": 11,
[15:25:21.633640335] [DeriClient] [DEBUG]         "method": "private/edit",
[15:25:21.633640335] [DeriClient] [DEBUG]         "params": {
[15:25:21.633640335] [DeriClient] [DEBUG]             "order_id": "38821701398",
[15:25:21.633640335] [DeriClient] [DEBUG]             "amount": 20.000000,
[15:25:21.633640335] [DeriClient] [DEBUG]             "price": 85000.000000,
[15:25:21.633640335] [DeriClient] [DEBUG]             "post_only": true,
[15:25:21.633640335] [DeriClient] [DEBUG]             "reject_post_only": false,
[15:25:21.633640335] [DeriClient] [DEBUG]             "reduce_only": false,
[15:25:21.633640335] [DeriClient] [DEBUG]             "time_in_force": "good_til_cancelled",
[15:25:21.633640335] [DeriClient] [DEBUG]             "max_show": 20.000000,
[15:25:21.633640335] [DeriClient] [DEBUG]             "timestamp": 1742464521633,
[15:25:21.633640335] [DeriClient] [DEBUG]             "signature": "dZrJhkZm-LPfh6XKAP_OjxCcTHmDIWVCtWSqzYMmbIeeg4E68kdvu-5nWD-gc8eEU_JsR381O_evfBRHcRjoCw"
[15:25:21.633640335] [DeriClient] [DEBUG]         }
[15:25:21.633640335] [DeriClient] [DEBUG]     }
[15:25:21.633693002] [DeriClient] [INFO] Modifying order 38821701399: new price 85000, new amount 20
[15:25:21.633717104] [DeriClient] [DEBUG] Successfully Sent request : {
[15:25:21.633717104] [DeriClient] [DEBUG]         "jsonrpc": "2.0",
[15:25:21.633717104] [DeriClient] [DEBUG]         "id": 12,
[15:25:21.633717104] [DeriClient] [DEBUG]         "method": "private/edit",
[15:25:21.633717104] [DeriClient] [DEBUG]         "params": {
[15:25:21.633717104] [DeriClient] [DEBUG]             "order_id": "38821701399",
[15:25:21.633717104] [DeriClient] [DEBUG]             "amount": 20.000000,
[15:25:21.633717104] [DeriClient] [DEBUG]             "price": 85000.000000,
[15:25:21.633717104] [DeriClient] [DEBUG]             "post_only": true,
[15:25:21.633717104] [DeriClient] [DEBUG]             "reject_post_only": false,
[15:25:21.633717104] [DeriClient] [DEBUG]             "reduce_only": false,
[15:25:21.633717104] [DeriClient] [DEBUG]             "time_in_force": "good_til_cancelled",
[15:25:21.633717104] [DeriClient] [DEBUG]             "max_show": 20.000000,
[15:25:21.633717104] [DeriClient] [DEBUG]             "timestamp": 1742464521633,
[15:25:21.633717104] [DeriClient] [DEBUG]             "signature": "rnbDxKNGyHTwk9K44Nk4JJyncGw9YqayosLPYUFgDwiUn6p76fI0elu2Qck5IMTDEhyykxPICCRkxcyunruPCg"
[15:25:21.633717104] [DeriClient] [DEBUG]         }
[15:25:21.633717104] [DeriClient] [DEBUG]     }
[15:25:21.633770371] [DeriClient] [INFO] Modifying order 38821701400: new price 85000, new amount 20
[15:25:21.633791302] [DeriClient] [DEBUG] Successfully Sent request : {
[15:25:21.633791302] [DeriClient] [DEBUG]         "jsonrpc": "2.0",
[15:25:21.633791302] [DeriClient] [DEBUG]         "id": 13,
[15:25:21.633791302] [DeriClient] [DEBUG]         "method": "private/edit",
[15:25:21.633791302] [DeriClient] [DEBUG]         "params": {
[15:25:21.633791302] [DeriClient] [DEBUG]             "order_id": "38821701400",
[15:25:21.633791302] [DeriClient] [DEBUG]             "amount": 20.000000,
[15:25:21.633791302] [DeriClient] [DEBUG]             "price": 85000.000000,
[15:25:21.633791302] [DeriClient] [DEBUG]             "post_only": true,
[15:25:21.633791302] [DeriClient] [DEBUG]             "reject_post_only": false,
[15:25:21.633791302] [DeriClient] [DEBUG]             "reduce_only": false,
[15:25:21.633791302] [DeriClient] [DEBUG]             "time_in_force": "good_til_cancelled",
[15:25:21.633791302] [DeriClient] [DEBUG]             "max_show": 20.000000,
[15:25:21.633791302] [DeriClient] [DEBUG]             "timestamp": 1742464521633,
[15:25:21.633791302] [DeriClient] [DEBUG]             "signature": "eCa-X0j1wuHUeyPno08GdGAi45Gy0Go6IXb5_T96nbBM12DcPrChDzLcC7LBs7SWWNBzFfs2Mib4tOo0hcDXBA"
[15:25:21.633791302] [DeriClient] [DEBUG]         }
[15:25:21.633791302] [DeriClient] [DEBUG]     }
[15:25:21.633845026] [DeriClient] [INFO] Modifying order 38821701401: new price 85000, new amount 20
[15:25:21.633865993] [DeriClient] [DEBUG] Successfully Sent request : {
[15:25:21.633865993] [DeriClient] [DEBUG]         "jsonrpc": "2.0",
[15:25:21.633865993] [DeriClient] [DEBUG]         "id": 14,
[15:25:21.633865993] [DeriClient] [DEBUG]         "method": "private/edit",
[15:25:21.633865993] [DeriClient] [DEBUG]         "params": {
[15:25:21.633865993] [DeriClient] [DEBUG]             "order_id": "38821701401",
[15:25:21.633865993] [DeriClient] [DEBUG]             "amount": 20.000000,
[15:25:21.633865993] [DeriClient] [DEBUG]             "price": 85000.000000,
[15:25:21.633865993] [DeriClient] [DEBUG]             "post_only": true,
[15:25:21.633865993] [DeriClient] [DEBUG]             "reject_post_only": false,
[15:25:21.633865993] [DeriClient] [DEBUG]             "reduce_only": false,
[15:25:21.633865993] [DeriClient] [DEBUG]             "time_in_force": "good_til_cancelled",
[15:25:21.633865993] [DeriClient] [DEBUG]             "max_show": 20.000000,
[15:25:21.633865993] [DeriClient] [DEBUG]             "timestamp": 1742464521633,
[15:25:21.633865993] [DeriClient] [DEBUG]             "signature": "LOhgTa35r3iXPZpn4GvCXUeP9yYvDVo22UKonTBc6iNY4mAgKff01amRcUz3lM-LsrB4fRGNJ928RRJwBF1fDA"
[15:25:21.633865993] [DeriClient] [DEBUG]         }
[15:25:21.633865993] [DeriClient] [DEBUG]     }
[15:25:21.633923461] [DeriClient] [INFO] Modifying order BTC_USDC-111308487: new price 85000, new amount 20
[15:25:21.633946260] [DeriClient] [DEBUG] Successfully Sent request : {
[15:25:21.633946260] [DeriClient] [DEBUG]         "jsonrpc": "2.0",
[15:25:21.633946260] [DeriClient] [DEBUG]         "id": 15,
[15:25:21.633946260] [DeriClient] [DEBUG]         "method": "private/edit",
[15:25:21.633946260] [DeriClient] [DEBUG]         "params": {
[15:25:21.633946260] [DeriClient] [DEBUG]             "order_id": "BTC_USDC-111308487",
[15:25:21.633946260] [DeriClient] [DEBUG]             "amount": 20.000000,
[15:25:21.633946260] [DeriClient] [DEBUG]             "price": 85000.000000,
[15:25:21.633946260] [DeriClient] [DEBUG]             "post_only": true,
[15:25:21.633946260] [DeriClient] [DEBUG]             "reject_post_only": false,
[15:25:21.633946260] [DeriClient] [DEBUG]             "reduce_only": false,
[15:25:21.633946260] [DeriClient] [DEBUG]             "time_in_force": "good_til_cancelled",
[15:25:21.633946260] [DeriClient] [DEBUG]             "max_show": 20.000000,
[15:25:21.633946260] [DeriClient] [DEBUG]             "timestamp": 1742464521633,
[15:25:21.633946260] [DeriClient] [DEBUG]             "signature": "aN531XULn--pf0aB7nX8_bfcRlnk9iveXOT_qQ5gVLtb4iWVdebYzNlTeVnaqFmJ8r39OlvpMMXlVpSuV1pQBA"
[15:25:21.633946260] [DeriClient] [DEBUG]         }
[15:25:21.633946260] [DeriClient] [DEBUG]     }
[15:25:21.803538713] [DeriClient] [DEBUG] Received response: {"jsonrpc":"2.0","id":10,"error":{"code":11044,"message":"not_open_order"},"usIn":1742464521750525,"usOut":1742464521750593,"usDiff":68,"testnet":true}
[15:25:21.803541393] [DeriClient] [INFO] Received response for request ID 10.
[15:25:21.803545738] [DeriClient] [ERROR] Request failed for request ID 10. Error code: 11044, message: not_open_order. Latency: 170066163 ns
[15:25:21.803840853] [DeriClient] [DEBUG] Received response: {"jsonrpc":"2.0","id":11,"error":{"code":11044,"message":"not_open_order"},"usIn":1742464521750678,"usOut":1742464521750752,"usDiff":74,"testnet":true}
[15:25:21.803841603] [DeriClient] [INFO] Received response for request ID 11.
[15:25:21.803843066] [DeriClient] [ERROR] Request failed for request ID 11. Error code: 11044, message: not_open_order. Latency: 170272742 ns
[15:25:21.803858486] [DeriClient] [DEBUG] Received response: {"jsonrpc":"2.0","id":12,"error":{"code":11044,"message":"not_open_order"},"usIn":1742464521750826,"usOut":1742464521750975,"usDiff":149,"testnet":true}
[15:25:21.803858970] [DeriClient] [INFO] Received response for request ID 12.
[15:25:21.803860072] [DeriClient] [ERROR] Request failed for request ID 12. Error code: 11044, message: not_open_order. Latency: 170211906 ns
[15:25:21.803874950] [DeriClient] [DEBUG] Received response: {"jsonrpc":"2.0","id":13,"error":{"code":11044,"message":"not_open_order"},"usIn":1742464521751077,"usOut":1742464521751159,"usDiff":82,"testnet":true}
[15:25:21.803875692] [DeriClient] [INFO] Received response for request ID 13.
[15:25:21.803877440] [DeriClient] [ERROR] Request failed for request ID 13. Error code: 11044, message: not_open_order. Latency: 170150854 ns
[15:25:21.810402749] [DeriClient] [DEBUG] Received response: {"jsonrpc":"2.0","id":9,"result":{"order":{"label":"test","price":8.5e4,"direction":"buy","time_in_force":"good_til_cancelled","max_show":20.0,"instrument_name":"BTC-PERPETUAL","api":true,"web":false,"amount":20.0,"order_id":"38821701396","creation_timestamp":1742464516730,"mmp":false,"replaced":true,"post_only":true,"reduce_only":false,"filled_amount":0.0,"last_update_timestamp":1742464521734,"average_price":0.0,"contracts":2.0,"reject_post_only":false,"order_state":"open","order_type":"limit","is_liquidation":false,"risk_reducing":false},"trades":[]},"usIn":1742464521750297,"usOut":1742464521757551,"usDiff":7254,"testnet":true}
[15:25:21.810405251] [DeriClient] [INFO] Received response for request ID 9.
[15:25:21.810414772] [DeriClient] [INFO] Order 38821701396 modified successfully. New price: 85000, New amount: 20. Latency: 177139488 ns
[15:25:21.813486669] [DeriClient] [DEBUG] Received response: {"jsonrpc":"2.0","id":14,"error":{"code":10007,"message":"price_too_high 1.0"},"usIn":1742464521751233,"usOut":1742464521760822,"usDiff":9589,"testnet":true}
[15:25:21.813487727] [DeriClient] [INFO] Received response for request ID 14.
[15:25:21.813490089] [DeriClient] [ERROR] Request failed for request ID 14. Error code: 10007, message: price_too_high 1.0. Latency: 179688457 ns
[15:25:21.814062365] [DeriClient] [DEBUG] Received response: {"jsonrpc":"2.0","id":15,"result":{"order":{"label":"test","price":8.5e4,"direction":"sell","time_in_force":"good_til_cancelled","max_show":20.0,"instrument_name":"BTC_USDC","api":true,"web":false,"amount":20.0,"order_id":"BTC_USDC-111308487","creation_timestamp":1742464516737,"mmp":false,"replaced":true,"post_only":true,"filled_amount":0.0,"last_update_timestamp":1742464521738,"average_price":0.0,"contracts":2.0e5,"original_order_type":"market","reject_post_only":false,"order_state":"open","order_type":"limit","is_rebalance":false,"risk_reducing":false},"trades":[]},"usIn":1742464521751362,"usOut":1742464521761351,"usDiff":9989,"testnet":true}
[15:25:21.814063225] [DeriClient] [INFO] Received response for request ID 15.
[15:25:21.814068452] [DeriClient] [INFO] Order BTC_USDC-111308487 modified successfully. New price: 85000, New amount: 20. Latency: 180189051 ns
[15:25:26.634159014] [DeriClient] [DEBUG] Successfully Sent request : {
[15:25:26.634159014] [DeriClient] [DEBUG]         "jsonrpc": "2.0",
[15:25:26.634159014] [DeriClient] [DEBUG]         "id": 16,
[15:25:26.634159014] [DeriClient] [DEBUG]         "method": "private/cancel",
[15:25:26.634159014] [DeriClient] [DEBUG]         "params": {
[15:25:26.634159014] [DeriClient] [DEBUG]             "order_id": "38821701396"
[15:25:26.634159014] [DeriClient] [DEBUG]         }
[15:25:26.634159014] [DeriClient] [DEBUG]     }
[15:25:26.634203972] [DeriClient] [DEBUG] Successfully Sent request : {
[15:25:26.634203972] [DeriClient] [DEBUG]         "jsonrpc": "2.0",
[15:25:26.634203972] [DeriClient] [DEBUG]         "id": 17,
[15:25:26.634203972] [DeriClient] [DEBUG]         "method": "private/cancel",
[15:25:26.634203972] [DeriClient] [DEBUG]         "params": {
[15:25:26.634203972] [DeriClient] [DEBUG]             "order_id": "38821701397"
[15:25:26.634203972] [DeriClient] [DEBUG]         }
[15:25:26.634203972] [DeriClient] [DEBUG]     }
[15:25:26.634224376] [DeriClient] [DEBUG] Successfully Sent request : {
[15:25:26.634224376] [DeriClient] [DEBUG]         "jsonrpc": "2.0",
[15:25:26.634224376] [DeriClient] [DEBUG]         "id": 18,
[15:25:26.634224376] [DeriClient] [DEBUG]         "method": "private/cancel",
[15:25:26.634224376] [DeriClient] [DEBUG]         "params": {
[15:25:26.634224376] [DeriClient] [DEBUG]             "order_id": "38821701398"
[15:25:26.634224376] [DeriClient] [DEBUG]         }
[15:25:26.634224376] [DeriClient] [DEBUG]     }
[15:25:26.634243307] [DeriClient] [DEBUG] Successfully Sent request : {
[15:25:26.634243307] [DeriClient] [DEBUG]         "jsonrpc": "2.0",
[15:25:26.634243307] [DeriClient] [DEBUG]         "id": 19,
[15:25:26.634243307] [DeriClient] [DEBUG]         "method": "private/cancel",
[15:25:26.634243307] [DeriClient] [DEBUG]         "params": {
[15:25:26.634243307] [DeriClient] [DEBUG]             "order_id": "38821701399"
[15:25:26.634243307] [DeriClient] [DEBUG]         }
[15:25:26.634243307] [DeriClient] [DEBUG]     }
[15:25:26.634255084] [DeriClient] [DEBUG] Successfully Sent request : {
[15:25:26.634255084] [DeriClient] [DEBUG]         "jsonrpc": "2.0",
[15:25:26.634255084] [DeriClient] [DEBUG]         "id": 20,
[15:25:26.634255084] [DeriClient] [DEBUG]         "method": "private/cancel",
[15:25:26.634255084] [DeriClient] [DEBUG]         "params": {
[15:25:26.634255084] [DeriClient] [DEBUG]             "order_id": "38821701400"
[15:25:26.634255084] [DeriClient] [DEBUG]         }
[15:25:26.634255084] [DeriClient] [DEBUG]     }
[15:25:26.634279380] [DeriClient] [DEBUG] Successfully Sent request : {
[15:25:26.634279380] [DeriClient] [DEBUG]         "jsonrpc": "2.0",
[15:25:26.634279380] [DeriClient] [DEBUG]         "id": 21,
[15:25:26.634279380] [DeriClient] [DEBUG]         "method": "private/cancel",
[15:25:26.634279380] [DeriClient] [DEBUG]         "params": {
[15:25:26.634279380] [DeriClient] [DEBUG]             "order_id": "38821701401"
[15:25:26.634279380] [DeriClient] [DEBUG]         }
[15:25:26.634279380] [DeriClient] [DEBUG]     }
[15:25:26.634297749] [DeriClient] [DEBUG] Successfully Sent request : {
[15:25:26.634297749] [DeriClient] [DEBUG]         "jsonrpc": "2.0",
[15:25:26.634297749] [DeriClient] [DEBUG]         "id": 22,
[15:25:26.634297749] [DeriClient] [DEBUG]         "method": "private/cancel",
[15:25:26.634297749] [DeriClient] [DEBUG]         "params": {
[15:25:26.634297749] [DeriClient] [DEBUG]             "order_id": "BTC_USDC-111308487"
[15:25:26.634297749] [DeriClient] [DEBUG]         }
[15:25:26.634297749] [DeriClient] [DEBUG]     }
[15:25:26.634316829] [DeriClient] [DEBUG] Successfully Sent request : {
[15:25:26.634316829] [DeriClient] [DEBUG]         "jsonrpc": "2.0",
[15:25:26.634316829] [DeriClient] [DEBUG]         "id": 23,
[15:25:26.634316829] [DeriClient] [DEBUG]         "method": "private/get_positions",
[15:25:26.634316829] [DeriClient] [DEBUG]         "params": {
[15:25:26.634316829] [DeriClient] [DEBUG]         }
[15:25:26.634316829] [DeriClient] [DEBUG]     }
[15:25:26.634334673] [DeriClient] [DEBUG] Successfully Sent request : {
[15:25:26.634334673] [DeriClient] [DEBUG]         "jsonrpc": "2.0",
[15:25:26.634334673] [DeriClient] [DEBUG]         "id": 24,
[15:25:26.634334673] [DeriClient] [DEBUG]         "method": "public/get_order_book",
[15:25:26.634334673] [DeriClient] [DEBUG]         "params": {
[15:25:26.634334673] [DeriClient] [DEBUG]             "instrument_name": "BTC-PERPETUAL",
[15:25:26.634334673] [DeriClient] [DEBUG]             "depth": 10
[15:25:26.634334673] [DeriClient] [DEBUG]         }
[15:25:26.634334673] [DeriClient] [DEBUG]     }
[15:25:26.804570894] [DeriClient] [DEBUG] Received response: {"jsonrpc":"2.0","id":17,"error":{"code":11044,"message":"not_open_order"},"usIn":1742464526751121,"usOut":1742464526751176,"usDiff":55,"testnet":true}
[15:25:26.804574025] [DeriClient] [INFO] Received response for request ID 17.
[15:25:26.804578596] [DeriClient] [ERROR] Request failed for request ID 17. Error code: 11044, message: not_open_order. Latency: 170442167 ns
[15:25:26.804740692] [DeriClient] [DEBUG] Received response: {"jsonrpc":"2.0","id":18,"error":{"code":11044,"message":"not_open_order"},"usIn":1742464526751268,"usOut":1742464526751420,"usDiff":152,"testnet":true}
[15:25:26.804742058] [DeriClient] [INFO] Received response for request ID 18.
[15:25:26.804747005] [DeriClient] [ERROR] Request failed for request ID 18. Error code: 11044, message: not_open_order. Latency: 170605490 ns
[15:25:26.804768140] [DeriClient] [DEBUG] Received response: {"jsonrpc":"2.0","id":19,"error":{"code":11044,"message":"not_open_order"},"usIn":1742464526751482,"usOut":1742464526751558,"usDiff":76,"testnet":true}
[15:25:26.804768656] [DeriClient] [INFO] Received response for request ID 19.
[15:25:26.804769840] [DeriClient] [ERROR] Request failed for request ID 19. Error code: 11044, message: not_open_order. Latency: 170629523 ns
[15:25:26.807356262] [DeriClient] [DEBUG] Received response: {"jsonrpc":"2.0","id":20,"error":{"code":11044,"message":"not_open_order"},"usIn":1742464526751609,"usOut":1742464526751718,"usDiff":109,"testnet":true}
[15:25:26.807358297] [DeriClient] [INFO] Received response for request ID 20.
[15:25:26.807361701] [DeriClient] [ERROR] Request failed for request ID 20. Error code: 11044, message: not_open_order. Latency: 173218645 ns
[15:25:26.807385588] [DeriClient] [DEBUG] Received response: {"jsonrpc":"2.0","id":16,"result":{"label":"test","price":8.5e4,"direction":"buy","time_in_force":"good_til_cancelled","max_show":20.0,"instrument_name":"BTC-PERPETUAL","api":true,"web":false,"amount":20.0,"order_id":"38821701396","creation_timestamp":1742464516730,"cancel_reason":"user_request","mmp":false,"replaced":true,"post_only":true,"reduce_only":false,"filled_amount":0.0,"last_update_timestamp":1742464526729,"average_price":0.0,"contracts":2.0,"reject_post_only":false,"order_state":"cancelled","order_type":"limit","is_liquidation":false,"risk_reducing":false},"usIn":1742464526750930,"usOut":1742464526752270,"usDiff":1340,"testnet":true}
[15:25:26.807386158] [DeriClient] [INFO] Received response for request ID 16.
[15:25:26.807390293] [DeriClient] [INFO] Order cancelled successfully. Latency: 173368460 ns
[15:25:26.807406966] [DeriClient] [DEBUG] Received response: {"jsonrpc":"2.0","id":24,"result":{"timestamp":1742464526729,"state":"open","stats":{"high":90647.5,"low":81404.0,"price_change":2.8851,"volume":31719.89259034,"volume_usd":2672063380.0,"volume_notional":2672063380.0},"change_id":38821717611,"index_price":85873.39,"instrument_name":"BTC-PERPETUAL","bids":[[85925.5,200.0],[85917.0,100.0],[85848.0,200.0],[85845.5,6828760.0],[85676.5,8.0085e6],[85504.5,200.0],[85424.0,91860.0],[85418.5,200.0],[85332.5,200.0],[85308.0,92430.0]],"asks":[[85943.0,200.0],[85951.5,100.0],[86020.5,200.0],[86236.5,490880.0],[86237.0,1.11e4],[86238.5,3.1e4],[86239.0,2.0e4],[86240.5,990.0],[86241.5,3190.0],[86242.5,88080.0]],"last_price":85925.5,"settlement_price":86366.95,"min_price":83419.5,"max_price":88580.0,"open_interest":10120787350,"mark_price":85999.64,"interest_value":0.12427981220120032,"best_ask_price":85943.0,"best_bid_price":85925.5,"estimated_delivery_price":85873.39,"best_ask_amount":200.0,"best_bid_amount":200.0,"current_funding":9.7019e-4,"funding_8h":0.00204676},"usIn":1742464526752141,"usOut":1742464526752443,"usDiff":302,"testnet":true}
[15:25:26.807407488] [DeriClient] [INFO] Received response for request ID 24.
[15:25:26.807477317] [DeriClient] [INFO] Received orderbook for BTC-PERPETUAL. Latency: 173256565 ns
[15:25:26.807477317] [DeriClient] [INFO] 
[15:25:26.807477317] [DeriClient] [INFO] === ORDER BOOK FOR BTC-PERPETUAL ===
[15:25:26.807477317] [DeriClient] [INFO] 
[15:25:26.807477317] [DeriClient] [INFO] ASKS:
[15:25:26.807477317] [DeriClient] [INFO] +-----------------+-----------------+
[15:25:26.807477317] [DeriClient] [INFO] | Price           | Size            |
[15:25:26.807477317] [DeriClient] [INFO] +-----------------+-----------------+
[15:25:26.807477317] [DeriClient] [INFO] | 86242.5         | 88080           |
[15:25:26.807477317] [DeriClient] [INFO] | 86241.5         | 3190            |
[15:25:26.807477317] [DeriClient] [INFO] | 86240.5         | 990             |
[15:25:26.807477317] [DeriClient] [INFO] | 86239           | 20000           |
[15:25:26.807477317] [DeriClient] [INFO] | 86238.5         | 31000           |
[15:25:26.807477317] [DeriClient] [INFO] | 86237           | 11100           |
[15:25:26.807477317] [DeriClient] [INFO] | 86236.5         | 490880          |
[15:25:26.807477317] [DeriClient] [INFO] | 86020.5         | 200             |
[15:25:26.807477317] [DeriClient] [INFO] | 85951.5         | 100             |
[15:25:26.807477317] [DeriClient] [INFO] | 85943           | 200             |
[15:25:26.807477317] [DeriClient] [INFO] +-----------------+-----------------+
[15:25:26.807477317] [DeriClient] [INFO] 
[15:25:26.807477317] [DeriClient] [INFO] BIDS:
[15:25:26.807477317] [DeriClient] [INFO] +-----------------+-----------------+
[15:25:26.807477317] [DeriClient] [INFO] | Price           | Size            |
[15:25:26.807477317] [DeriClient] [INFO] +-----------------+-----------------+
[15:25:26.807477317] [DeriClient] [INFO] | 85925.5         | 200             |
[15:25:26.807477317] [DeriClient] [INFO] | 85917           | 100             |
[15:25:26.807477317] [DeriClient] [INFO] | 85848           | 200             |
[15:25:26.807477317] [DeriClient] [INFO] | 85845.5         | 6.82876e+06     |
[15:25:26.807477317] [DeriClient] [INFO] | 85676.5         | 8.0085e+06      |
[15:25:26.807477317] [DeriClient] [INFO] | 85504.5         | 200             |
[15:25:26.807477317] [DeriClient] [INFO] | 85424           | 91860           |
[15:25:26.807477317] [DeriClient] [INFO] | 85418.5         | 200             |
[15:25:26.807477317] [DeriClient] [INFO] | 85332.5         | 200             |
[15:25:26.807477317] [DeriClient] [INFO] | 85308           | 92430           |
[15:25:26.807477317] [DeriClient] [INFO] +-----------------+-----------------+
[15:25:26.807477317] [DeriClient] [INFO] 
[15:25:26.807477317] [DeriClient] [INFO] Spread: 17.5 (0.0204%)
[15:25:26.807502637] [DeriClient] [DEBUG] Received response: {"jsonrpc":"2.0","id":21,"result":{"label":"test","price":1.0,"direction":"sell","time_in_force":"good_til_cancelled","max_show":2.0,"instrument_name":"BTC-28MAR25-60000-C","api":true,"web":false,"amount":2.0,"order_id":"38821701401","creation_timestamp":1742464516734,"cancel_reason":"user_request","mmp":false,"replaced":false,"post_only":false,"reduce_only":false,"filled_amount":0.0,"last_update_timestamp":1742464526730,"average_price":0.0,"contracts":2.0,"order_state":"cancelled","order_type":"limit","is_liquidation":false,"risk_reducing":false},"usIn":1742464526751774,"usOut":1742464526753075,"usDiff":1301,"testnet":true}
[15:25:26.807503241] [DeriClient] [INFO] Received response for request ID 21.
[15:25:26.807506700] [DeriClient] [INFO] Order cancelled successfully. Latency: 173361683 ns
[15:25:26.818985131] [DeriClient] [DEBUG] Received response: {"jsonrpc":"2.0","id":22,"result":{"label":"test","price":8.5e4,"direction":"sell","time_in_force":"good_til_cancelled","max_show":20.0,"instrument_name":"BTC_USDC","api":true,"web":false,"amount":20.0,"order_id":"BTC_USDC-111308487","creation_timestamp":1742464516737,"cancel_reason":"user_request","mmp":false,"replaced":true,"post_only":true,"filled_amount":0.0,"last_update_timestamp":1742464526733,"average_price":0.0,"contracts":2.0e5,"original_order_type":"market","reject_post_only":false,"order_state":"cancelled","order_type":"limit","is_rebalance":false,"risk_reducing":false},"usIn":1742464526751871,"usOut":1742464526761366,"usDiff":9495,"testnet":true}
[15:25:26.818987708] [DeriClient] [INFO] Received response for request ID 22.
[15:25:26.818995302] [DeriClient] [INFO] Order cancelled successfully. Latency: 184846626 ns
[15:25:26.822188791] [DeriClient] [DEBUG] Received response: {"jsonrpc":"2.0","id":23,"result":[{"size":10.0,"kind":"option","maintenance_margin":0.0,"initial_margin":0.0,"direction":"buy","index_price":85873.39,"instrument_name":"BTC-11APR25-100000-C","settlement_price":0.02683811,"mark_price":0.00923501,"delta":1.45589,"gamma":0.0002,"vega":483.83898,"theta":-587.92338,"average_price":0.058,"floating_profit_loss":-0.17603107,"realized_profit_loss":0.0,"total_profit_loss":-0.487649934,"average_price_usd":4878.09232,"floating_profit_loss_usd":-40850.50996586},{"size":50.0,"kind":"future","maintenance_margin":1.1592e-5,"initial_margin":2.3183e-5,"open_orders_margin":0.0,"direction":"buy","index_price":85873.39,"instrument_name":"BTC-28MAR25","settlement_price":87842.48,"mark_price":86268.43,"delta":5.79586e-4,"average_price":87531.8,"leverage":25,"floating_profit_loss":-8.364e-6,"realized_profit_loss":-3.596e-6,"total_profit_loss":-8.365e-6,"size_currency":5.79586e-4,"estimated_liquidation_price":null},{"size":34.0,"kind":"option","maintenance_margin":0.0,"initial_margin":0.0,"direction":"buy","index_price":85873.39,"instrument_name":"BTC-28MAR25-60000-C","settlement_price":0.31712905,"mark_price":0.30482118,"delta":33.78233,"gamma":5.0e-5,"vega":77.8082,"theta":-501.60148,"average_price":0.31676471,"floating_profit_loss":-0.402951461,"realized_profit_loss":0.0,"total_profit_loss":-0.406079971,"average_price_usd":27157.38092382,"floating_profit_loss_usd":-33366.00448739},{"size":-200.0,"kind":"future","maintenance_margin":2.3256e-5,"initial_margin":4.6512e-5,"open_orders_margin":0.0,"direction":"sell","index_price":85873.39,"instrument_name":"BTC-PERPETUAL","settlement_price":86366.95,"mark_price":85999.64,"interest_value":0.12427981220120032,"delta":-0.002325591,"average_price":85937.02,"leverage":50,"floating_profit_loss":1.0684e-5,"realized_profit_loss":6.79e-7,"total_profit_loss":-1.695e-6,"realized_funding":6.8e-7,"size_currency":-0.002325591,"estimated_liquidation_price":null}],"usIn":1742464526751957,"usOut":1742464526766570,"usDiff":14613,"testnet":true}
[15:25:26.822191130] [DeriClient] [INFO] Received response for request ID 23.
[15:25:26.822200358] [DeriClient] [INFO] Retrieved 4 positions with total delta: 35.236473995. Latency: 188044085 ns
[15:25:26.822203737] [DeriClient] [INFO] Position: buy BTC-11APR25-100000-C 10 contracts at avg price 0.058. Unrealized P&L: -0.17603107
[15:25:26.822206539] [DeriClient] [INFO] Position: buy BTC-28MAR25 50 contracts at avg price 87531.8. Unrealized P&L: -8.364e-06
[15:25:26.822209205] [DeriClient] [INFO] Position: buy BTC-28MAR25-60000-C 34 contracts at avg price 0.31676471. Unrealized P&L: -0.402951461
[15:25:26.822211871] [DeriClient] [INFO] Position: sell BTC-PERPETUAL -200 contracts at avg price 85937.02. Unrealized P&L: 1.0684e-05
